{"/home/carter/pd/projects/tyler/ts-project/src/generalTilerFunctions.ts": {"path":"/home/carter/pd/projects/tyler/ts-project/src/generalTilerFunctions.ts","statementMap":{"0":{"start":{"line":7,"column":0},"end":{"line":7,"column":16}},"1":{"start":{"line":17,"column":0},"end":{"line":17,"column":16}},"2":{"start":{"line":39,"column":0},"end":{"line":39,"column":16}},"3":{"start":{"line":58,"column":0},"end":{"line":58,"column":16}},"4":{"start":{"line":77,"column":0},"end":{"line":77,"column":16}},"5":{"start":{"line":8,"column":1},"end":{"line":8,"column":null}},"6":{"start":{"line":18,"column":1},"end":{"line":20,"column":2}},"7":{"start":{"line":19,"column":2},"end":{"line":19,"column":null}},"8":{"start":{"line":21,"column":15},"end":{"line":21,"column":null}},"9":{"start":{"line":22,"column":24},"end":{"line":25,"column":4}},"10":{"start":{"line":22,"column":55},"end":{"line":25,"column":4}},"11":{"start":{"line":28,"column":25},"end":{"line":29,"column":48}},"12":{"start":{"line":29,"column":15},"end":{"line":29,"column":48}},"13":{"start":{"line":30,"column":1},"end":{"line":30,"column":null}},"14":{"start":{"line":30,"column":35},"end":{"line":30,"column":null}},"15":{"start":{"line":31,"column":23},"end":{"line":32,"column":null}},"16":{"start":{"line":32,"column":2},"end":{"line":32,"column":null}},"17":{"start":{"line":34,"column":1},"end":{"line":34,"column":null}},"18":{"start":{"line":40,"column":1},"end":{"line":42,"column":2}},"19":{"start":{"line":41,"column":2},"end":{"line":41,"column":null}},"20":{"start":{"line":43,"column":26},"end":{"line":43,"column":65}},"21":{"start":{"line":43,"column":10},"end":{"line":43,"column":12}},"22":{"start":{"line":43,"column":13},"end":{"line":43,"column":15}},"23":{"start":{"line":43,"column":21},"end":{"line":43,"column":26}},"24":{"start":{"line":44,"column":24},"end":{"line":47,"column":4}},"25":{"start":{"line":44,"column":55},"end":{"line":47,"column":4}},"26":{"start":{"line":50,"column":25},"end":{"line":51,"column":82}},"27":{"start":{"line":51,"column":15},"end":{"line":51,"column":82}},"28":{"start":{"line":52,"column":1},"end":{"line":52,"column":null}},"29":{"start":{"line":52,"column":35},"end":{"line":52,"column":null}},"30":{"start":{"line":53,"column":23},"end":{"line":54,"column":null}},"31":{"start":{"line":54,"column":2},"end":{"line":54,"column":null}},"32":{"start":{"line":56,"column":1},"end":{"line":56,"column":null}},"33":{"start":{"line":59,"column":1},"end":{"line":61,"column":2}},"34":{"start":{"line":60,"column":2},"end":{"line":60,"column":null}},"35":{"start":{"line":62,"column":18},"end":{"line":62,"column":57}},"36":{"start":{"line":62,"column":10},"end":{"line":62,"column":12}},"37":{"start":{"line":62,"column":13},"end":{"line":62,"column":18}},"38":{"start":{"line":63,"column":24},"end":{"line":66,"column":4}},"39":{"start":{"line":63,"column":55},"end":{"line":66,"column":4}},"40":{"start":{"line":69,"column":25},"end":{"line":70,"column":48}},"41":{"start":{"line":70,"column":15},"end":{"line":70,"column":48}},"42":{"start":{"line":71,"column":1},"end":{"line":71,"column":null}},"43":{"start":{"line":71,"column":35},"end":{"line":71,"column":null}},"44":{"start":{"line":72,"column":23},"end":{"line":73,"column":null}},"45":{"start":{"line":73,"column":2},"end":{"line":73,"column":null}},"46":{"start":{"line":75,"column":1},"end":{"line":75,"column":null}},"47":{"start":{"line":78,"column":1},"end":{"line":80,"column":2}},"48":{"start":{"line":79,"column":2},"end":{"line":79,"column":null}},"49":{"start":{"line":81,"column":22},"end":{"line":81,"column":47}},"50":{"start":{"line":81,"column":10},"end":{"line":81,"column":12}},"51":{"start":{"line":81,"column":17},"end":{"line":81,"column":22}},"52":{"start":{"line":82,"column":24},"end":{"line":85,"column":4}},"53":{"start":{"line":82,"column":55},"end":{"line":85,"column":4}},"54":{"start":{"line":88,"column":25},"end":{"line":89,"column":81}},"55":{"start":{"line":89,"column":15},"end":{"line":89,"column":81}},"56":{"start":{"line":90,"column":1},"end":{"line":90,"column":null}},"57":{"start":{"line":90,"column":35},"end":{"line":90,"column":null}},"58":{"start":{"line":91,"column":23},"end":{"line":92,"column":null}},"59":{"start":{"line":92,"column":2},"end":{"line":92,"column":null}},"60":{"start":{"line":94,"column":1},"end":{"line":94,"column":null}}},"fnMap":{"0":{"name":"euDist","decl":{"start":{"line":7,"column":16},"end":{"line":7,"column":22}},"loc":{"start":{"line":7,"column":45},"end":{"line":9,"column":1}}},"1":{"name":"findUp","decl":{"start":{"line":17,"column":16},"end":{"line":17,"column":22}},"loc":{"start":{"line":17,"column":88},"end":{"line":35,"column":1}}},"2":{"name":"(anonymous_2)","decl":{"start":{"line":22,"column":36},"end":{"line":22,"column":37}},"loc":{"start":{"line":22,"column":50},"end":{"line":22,"column":56}}},"3":{"name":"(anonymous_3)","decl":{"start":{"line":29,"column":10},"end":{"line":29,"column":11}},"loc":{"start":{"line":29,"column":11},"end":{"line":29,"column":16}}},"4":{"name":"(anonymous_4)","decl":{"start":{"line":31,"column":44},"end":{"line":31,"column":45}},"loc":{"start":{"line":31,"column":49},"end":{"line":32,"column":8}}},"5":{"name":"findDown","decl":{"start":{"line":39,"column":16},"end":{"line":39,"column":24}},"loc":{"start":{"line":39,"column":90},"end":{"line":57,"column":1}}},"6":{"name":"(anonymous_6)","decl":{"start":{"line":44,"column":36},"end":{"line":44,"column":37}},"loc":{"start":{"line":44,"column":50},"end":{"line":44,"column":56}}},"7":{"name":"(anonymous_7)","decl":{"start":{"line":51,"column":10},"end":{"line":51,"column":11}},"loc":{"start":{"line":51,"column":11},"end":{"line":51,"column":19}}},"8":{"name":"(anonymous_8)","decl":{"start":{"line":53,"column":44},"end":{"line":53,"column":45}},"loc":{"start":{"line":53,"column":49},"end":{"line":54,"column":8}}},"9":{"name":"findLeft","decl":{"start":{"line":58,"column":16},"end":{"line":58,"column":24}},"loc":{"start":{"line":58,"column":90},"end":{"line":76,"column":1}}},"10":{"name":"(anonymous_10)","decl":{"start":{"line":63,"column":36},"end":{"line":63,"column":37}},"loc":{"start":{"line":63,"column":50},"end":{"line":63,"column":56}}},"11":{"name":"(anonymous_11)","decl":{"start":{"line":70,"column":10},"end":{"line":70,"column":11}},"loc":{"start":{"line":70,"column":11},"end":{"line":70,"column":16}}},"12":{"name":"(anonymous_12)","decl":{"start":{"line":72,"column":44},"end":{"line":72,"column":45}},"loc":{"start":{"line":72,"column":49},"end":{"line":73,"column":8}}},"13":{"name":"findRight","decl":{"start":{"line":77,"column":16},"end":{"line":77,"column":25}},"loc":{"start":{"line":77,"column":91},"end":{"line":95,"column":1}}},"14":{"name":"(anonymous_14)","decl":{"start":{"line":82,"column":36},"end":{"line":82,"column":37}},"loc":{"start":{"line":82,"column":50},"end":{"line":82,"column":56}}},"15":{"name":"(anonymous_15)","decl":{"start":{"line":89,"column":10},"end":{"line":89,"column":11}},"loc":{"start":{"line":89,"column":11},"end":{"line":89,"column":19}}},"16":{"name":"(anonymous_16)","decl":{"start":{"line":91,"column":44},"end":{"line":91,"column":45}},"loc":{"start":{"line":91,"column":49},"end":{"line":92,"column":8}}}},"branchMap":{"0":{"loc":{"start":{"line":18,"column":1},"end":{"line":20,"column":2}},"type":"if","locations":[{"start":{"line":18,"column":1},"end":{"line":20,"column":2}}]},"1":{"loc":{"start":{"line":18,"column":5},"end":{"line":18,"column":32}},"type":"binary-expr","locations":[{"start":{"line":18,"column":5},"end":{"line":18,"column":12}},{"start":{"line":18,"column":16},"end":{"line":18,"column":32}}]},"2":{"loc":{"start":{"line":30,"column":1},"end":{"line":30,"column":null}},"type":"if","locations":[{"start":{"line":30,"column":1},"end":{"line":30,"column":null}}]},"3":{"loc":{"start":{"line":40,"column":1},"end":{"line":42,"column":2}},"type":"if","locations":[{"start":{"line":40,"column":1},"end":{"line":42,"column":2}}]},"4":{"loc":{"start":{"line":40,"column":5},"end":{"line":40,"column":32}},"type":"binary-expr","locations":[{"start":{"line":40,"column":5},"end":{"line":40,"column":12}},{"start":{"line":40,"column":16},"end":{"line":40,"column":32}}]},"5":{"loc":{"start":{"line":52,"column":1},"end":{"line":52,"column":null}},"type":"if","locations":[{"start":{"line":52,"column":1},"end":{"line":52,"column":null}}]},"6":{"loc":{"start":{"line":59,"column":1},"end":{"line":61,"column":2}},"type":"if","locations":[{"start":{"line":59,"column":1},"end":{"line":61,"column":2}}]},"7":{"loc":{"start":{"line":59,"column":5},"end":{"line":59,"column":32}},"type":"binary-expr","locations":[{"start":{"line":59,"column":5},"end":{"line":59,"column":12}},{"start":{"line":59,"column":16},"end":{"line":59,"column":32}}]},"8":{"loc":{"start":{"line":71,"column":1},"end":{"line":71,"column":null}},"type":"if","locations":[{"start":{"line":71,"column":1},"end":{"line":71,"column":null}}]},"9":{"loc":{"start":{"line":78,"column":1},"end":{"line":80,"column":2}},"type":"if","locations":[{"start":{"line":78,"column":1},"end":{"line":80,"column":2}}]},"10":{"loc":{"start":{"line":78,"column":5},"end":{"line":78,"column":32}},"type":"binary-expr","locations":[{"start":{"line":78,"column":5},"end":{"line":78,"column":12}},{"start":{"line":78,"column":16},"end":{"line":78,"column":32}}]},"11":{"loc":{"start":{"line":90,"column":1},"end":{"line":90,"column":null}},"type":"if","locations":[{"start":{"line":90,"column":1},"end":{"line":90,"column":null}}]}},"s":{"0":1,"1":1,"2":1,"3":1,"4":1,"5":1,"6":0,"7":0,"8":0,"9":0,"10":0,"11":0,"12":0,"13":0,"14":0,"15":0,"16":0,"17":0,"18":0,"19":0,"20":0,"21":0,"22":0,"23":0,"24":0,"25":0,"26":0,"27":0,"28":0,"29":0,"30":0,"31":0,"32":0,"33":0,"34":0,"35":0,"36":0,"37":0,"38":0,"39":0,"40":0,"41":0,"42":0,"43":0,"44":0,"45":0,"46":0,"47":0,"48":0,"49":0,"50":0,"51":0,"52":0,"53":0,"54":0,"55":0,"56":0,"57":0,"58":0,"59":0,"60":0},"f":{"0":1,"1":0,"2":0,"3":0,"4":0,"5":0,"6":0,"7":0,"8":0,"9":0,"10":0,"11":0,"12":0,"13":0,"14":0,"15":0,"16":0},"b":{"0":[0],"1":[0,0],"2":[0],"3":[0],"4":[0,0],"5":[0],"6":[0],"7":[0,0],"8":[0],"9":[0],"10":[0,0],"11":[0]}}
,"/home/carter/pd/projects/tyler/ts-project/src/tilerTypes.ts": {"path":"/home/carter/pd/projects/tyler/ts-project/src/tilerTypes.ts","statementMap":{"0":{"start":{"line":9,"column":0},"end":{"line":9,"column":null}},"1":{"start":{"line":10,"column":1},"end":{"line":10,"column":5}},"2":{"start":{"line":10,"column":5},"end":{"line":10,"column":11}},"3":{"start":{"line":10,"column":11},"end":{"line":10,"column":17}},"4":{"start":{"line":10,"column":17},"end":{"line":10,"column":null}},"5":{"start":{"line":15,"column":13},"end":{"line":20,"column":null}},"6":{"start":{"line":22,"column":13},"end":{"line":27,"column":null}},"7":{"start":{"line":29,"column":13},"end":{"line":34,"column":null}},"8":{"start":{"line":36,"column":13},"end":{"line":41,"column":null}},"9":{"start":{"line":103,"column":0},"end":{"line":103,"column":13}},"10":{"start":{"line":137,"column":58},"end":{"line":137,"column":null}},"11":{"start":{"line":137,"column":1},"end":{"line":137,"column":13}},"12":{"start":{"line":138,"column":2},"end":{"line":138,"column":null}},"13":{"start":{"line":139,"column":2},"end":{"line":139,"column":null}},"14":{"start":{"line":140,"column":2},"end":{"line":140,"column":null}},"15":{"start":{"line":141,"column":2},"end":{"line":141,"column":null}},"16":{"start":{"line":142,"column":23},"end":{"line":142,"column":68}},"17":{"start":{"line":142,"column":43},"end":{"line":142,"column":68}},"18":{"start":{"line":143,"column":26},"end":{"line":143,"column":72}},"19":{"start":{"line":143,"column":46},"end":{"line":143,"column":72}},"20":{"start":{"line":145,"column":2},"end":{"line":150,"column":null}},"21":{"start":{"line":146,"column":3},"end":{"line":149,"column":4}},"22":{"start":{"line":148,"column":4},"end":{"line":148,"column":null}},"23":{"start":{"line":152,"column":2},"end":{"line":157,"column":null}},"24":{"start":{"line":153,"column":3},"end":{"line":156,"column":4}},"25":{"start":{"line":154,"column":4},"end":{"line":154,"column":null}},"26":{"start":{"line":155,"column":4},"end":{"line":155,"column":null}},"27":{"start":{"line":158,"column":2},"end":{"line":161,"column":null}},"28":{"start":{"line":158,"column":58},"end":{"line":161,"column":5}},"29":{"start":{"line":162,"column":2},"end":{"line":165,"column":null}},"30":{"start":{"line":162,"column":64},"end":{"line":165,"column":5}},"31":{"start":{"line":166,"column":2},"end":{"line":166,"column":null}},"32":{"start":{"line":167,"column":2},"end":{"line":167,"column":null}},"33":{"start":{"line":113,"column":1},"end":{"line":135,"column":null}},"34":{"start":{"line":115,"column":2},"end":{"line":132,"column":null}},"35":{"start":{"line":132,"column":4},"end":{"line":132,"column":null}},"36":{"start":{"line":133,"column":2},"end":{"line":133,"column":null}},"37":{"start":{"line":133,"column":28},"end":{"line":133,"column":null}},"38":{"start":{"line":134,"column":2},"end":{"line":134,"column":null}},"39":{"start":{"line":169,"column":1},"end":{"line":186,"column":null}},"40":{"start":{"line":170,"column":2},"end":{"line":170,"column":null}},"41":{"start":{"line":171,"column":2},"end":{"line":173,"column":null}},"42":{"start":{"line":172,"column":3},"end":{"line":172,"column":null}},"43":{"start":{"line":174,"column":2},"end":{"line":176,"column":null}},"44":{"start":{"line":175,"column":3},"end":{"line":175,"column":null}},"45":{"start":{"line":177,"column":2},"end":{"line":177,"column":null}},"46":{"start":{"line":179,"column":3},"end":{"line":181,"column":40}},"47":{"start":{"line":183,"column":2},"end":{"line":185,"column":3}},"48":{"start":{"line":184,"column":3},"end":{"line":184,"column":null}},"49":{"start":{"line":187,"column":1},"end":{"line":193,"column":null}},"50":{"start":{"line":189,"column":3},"end":{"line":189,"column":66}},"51":{"start":{"line":191,"column":2},"end":{"line":191,"column":null}},"52":{"start":{"line":191,"column":30},"end":{"line":191,"column":null}},"53":{"start":{"line":192,"column":2},"end":{"line":192,"column":null}},"54":{"start":{"line":194,"column":1},"end":{"line":212,"column":null}},"55":{"start":{"line":195,"column":16},"end":{"line":195,"column":45}},"56":{"start":{"line":196,"column":2},"end":{"line":211,"column":3}},"57":{"start":{"line":197,"column":3},"end":{"line":200,"column":null}},"58":{"start":{"line":201,"column":3},"end":{"line":201,"column":null}},"59":{"start":{"line":202,"column":3},"end":{"line":202,"column":null}},"60":{"start":{"line":203,"column":3},"end":{"line":203,"column":null}},"61":{"start":{"line":205,"column":3},"end":{"line":208,"column":null}},"62":{"start":{"line":209,"column":3},"end":{"line":209,"column":null}},"63":{"start":{"line":210,"column":3},"end":{"line":210,"column":null}},"64":{"start":{"line":213,"column":1},"end":{"line":216,"column":null}},"65":{"start":{"line":214,"column":2},"end":{"line":215,"column":null}},"66":{"start":{"line":214,"column":52},"end":{"line":214,"column":null}},"67":{"start":{"line":215,"column":7},"end":{"line":215,"column":null}},"68":{"start":{"line":217,"column":1},"end":{"line":226,"column":null}},"69":{"start":{"line":218,"column":2},"end":{"line":218,"column":null}},"70":{"start":{"line":219,"column":16},"end":{"line":219,"column":66}},"71":{"start":{"line":219,"column":49},"end":{"line":219,"column":66}},"72":{"start":{"line":220,"column":2},"end":{"line":220,"column":null}},"73":{"start":{"line":220,"column":20},"end":{"line":220,"column":null}},"74":{"start":{"line":221,"column":20},"end":{"line":221,"column":44}},"75":{"start":{"line":222,"column":2},"end":{"line":222,"column":null}},"76":{"start":{"line":222,"column":52},"end":{"line":222,"column":69}},"77":{"start":{"line":223,"column":2},"end":{"line":223,"column":null}},"78":{"start":{"line":224,"column":2},"end":{"line":224,"column":null}},"79":{"start":{"line":224,"column":53},"end":{"line":224,"column":null}},"80":{"start":{"line":225,"column":2},"end":{"line":225,"column":null}},"81":{"start":{"line":228,"column":1},"end":{"line":249,"column":null}},"82":{"start":{"line":229,"column":25},"end":{"line":232,"column":null}},"83":{"start":{"line":233,"column":26},"end":{"line":243,"column":null}},"84":{"start":{"line":244,"column":2},"end":{"line":244,"column":null}},"85":{"start":{"line":245,"column":2},"end":{"line":248,"column":null}},"86":{"start":{"line":250,"column":1},"end":{"line":270,"column":null}},"87":{"start":{"line":251,"column":2},"end":{"line":251,"column":null}},"88":{"start":{"line":252,"column":22},"end":{"line":252,"column":85}},"89":{"start":{"line":253,"column":20},"end":{"line":253,"column":83}},"90":{"start":{"line":255,"column":20},"end":{"line":255,"column":50}},"91":{"start":{"line":258,"column":2},"end":{"line":258,"column":43}},"92":{"start":{"line":261,"column":22},"end":{"line":261,"column":70}},"93":{"start":{"line":262,"column":2},"end":{"line":262,"column":46}},"94":{"start":{"line":265,"column":2},"end":{"line":265,"column":47}},"95":{"start":{"line":266,"column":2},"end":{"line":266,"column":null}},"96":{"start":{"line":267,"column":2},"end":{"line":267,"column":null}},"97":{"start":{"line":268,"column":2},"end":{"line":268,"column":null}},"98":{"start":{"line":269,"column":2},"end":{"line":269,"column":null}},"99":{"start":{"line":269,"column":28},"end":{"line":269,"column":null}},"100":{"start":{"line":273,"column":1},"end":{"line":283,"column":null}},"101":{"start":{"line":274,"column":2},"end":{"line":276,"column":3}},"102":{"start":{"line":275,"column":3},"end":{"line":275,"column":null}},"103":{"start":{"line":277,"column":19},"end":{"line":277,"column":76}},"104":{"start":{"line":278,"column":20},"end":{"line":278,"column":75}},"105":{"start":{"line":279,"column":2},"end":{"line":282,"column":null}},"106":{"start":{"line":284,"column":1},"end":{"line":297,"column":null}},"107":{"start":{"line":285,"column":2},"end":{"line":287,"column":3}},"108":{"start":{"line":286,"column":3},"end":{"line":286,"column":null}},"109":{"start":{"line":288,"column":19},"end":{"line":288,"column":76}},"110":{"start":{"line":289,"column":20},"end":{"line":291,"column":null}},"111":{"start":{"line":293,"column":2},"end":{"line":296,"column":null}},"112":{"start":{"line":298,"column":1},"end":{"line":308,"column":null}},"113":{"start":{"line":299,"column":2},"end":{"line":301,"column":3}},"114":{"start":{"line":300,"column":3},"end":{"line":300,"column":null}},"115":{"start":{"line":302,"column":19},"end":{"line":302,"column":76}},"116":{"start":{"line":303,"column":20},"end":{"line":303,"column":75}},"117":{"start":{"line":304,"column":2},"end":{"line":307,"column":null}},"118":{"start":{"line":309,"column":1},"end":{"line":322,"column":null}},"119":{"start":{"line":310,"column":2},"end":{"line":312,"column":3}},"120":{"start":{"line":311,"column":3},"end":{"line":311,"column":null}},"121":{"start":{"line":313,"column":19},"end":{"line":313,"column":76}},"122":{"start":{"line":314,"column":20},"end":{"line":316,"column":null}},"123":{"start":{"line":318,"column":2},"end":{"line":321,"column":null}},"124":{"start":{"line":323,"column":1},"end":{"line":341,"column":null}},"125":{"start":{"line":324,"column":21},"end":{"line":325,"column":null}},"126":{"start":{"line":325,"column":8},"end":{"line":325,"column":null}},"127":{"start":{"line":327,"column":2},"end":{"line":331,"column":3}},"128":{"start":{"line":328,"column":3},"end":{"line":328,"column":null}},"129":{"start":{"line":329,"column":3},"end":{"line":329,"column":null}},"130":{"start":{"line":330,"column":3},"end":{"line":330,"column":9}},"131":{"start":{"line":332,"column":24},"end":{"line":333,"column":null}},"132":{"start":{"line":333,"column":8},"end":{"line":333,"column":null}},"133":{"start":{"line":335,"column":2},"end":{"line":339,"column":3}},"134":{"start":{"line":336,"column":3},"end":{"line":336,"column":null}},"135":{"start":{"line":337,"column":3},"end":{"line":337,"column":null}},"136":{"start":{"line":338,"column":3},"end":{"line":338,"column":9}},"137":{"start":{"line":340,"column":2},"end":{"line":340,"column":null}},"138":{"start":{"line":342,"column":1},"end":{"line":345,"column":null}},"139":{"start":{"line":343,"column":2},"end":{"line":343,"column":null}},"140":{"start":{"line":344,"column":2},"end":{"line":344,"column":null}},"141":{"start":{"line":346,"column":1},"end":{"line":351,"column":null}},"142":{"start":{"line":347,"column":2},"end":{"line":349,"column":3}},"143":{"start":{"line":348,"column":3},"end":{"line":348,"column":null}},"144":{"start":{"line":350,"column":2},"end":{"line":350,"column":null}},"145":{"start":{"line":352,"column":1},"end":{"line":355,"column":null}},"146":{"start":{"line":353,"column":14},"end":{"line":353,"column":42}},"147":{"start":{"line":354,"column":2},"end":{"line":354,"column":null}},"148":{"start":{"line":356,"column":0},"end":{"line":356,"column":null}},"149":{"start":{"line":103,"column":13},"end":{"line":103,"column":25}}},"fnMap":{"0":{"name":"(anonymous_2)","decl":{"start":{"line":9,"column":0},"end":{"line":9,"column":12}},"loc":{"start":{"line":9,"column":21},"end":{"line":11,"column":1}}},"1":{"name":"(anonymous_3)","decl":{"start":{"line":103,"column":0},"end":{"line":103,"column":13}},"loc":{"start":{"line":103,"column":0},"end":{"line":356,"column":null}}},"2":{"name":"TilerContext","decl":{"start":{"line":137,"column":1},"end":{"line":137,"column":13}},"loc":{"start":{"line":137,"column":87},"end":{"line":168,"column":2}}},"3":{"name":"(anonymous_5)","decl":{"start":{"line":142,"column":38},"end":{"line":142,"column":39}},"loc":{"start":{"line":142,"column":39},"end":{"line":142,"column":47}}},"4":{"name":"(anonymous_6)","decl":{"start":{"line":143,"column":41},"end":{"line":143,"column":42}},"loc":{"start":{"line":143,"column":42},"end":{"line":143,"column":47}}},"5":{"name":"(anonymous_7)","decl":{"start":{"line":145,"column":23},"end":{"line":145,"column":24}},"loc":{"start":{"line":145,"column":28},"end":{"line":150,"column":3}}},"6":{"name":"(anonymous_8)","decl":{"start":{"line":152,"column":26},"end":{"line":152,"column":27}},"loc":{"start":{"line":152,"column":31},"end":{"line":157,"column":3}}},"7":{"name":"(anonymous_9)","decl":{"start":{"line":158,"column":39},"end":{"line":158,"column":40}},"loc":{"start":{"line":158,"column":53},"end":{"line":158,"column":59}}},"8":{"name":"(anonymous_10)","decl":{"start":{"line":162,"column":45},"end":{"line":162,"column":46}},"loc":{"start":{"line":162,"column":59},"end":{"line":162,"column":65}}},"9":{"name":"(anonymous_11)","decl":{"start":{"line":113,"column":1},"end":{"line":113,"column":17}},"loc":{"start":{"line":113,"column":32},"end":{"line":135,"column":2}}},"10":{"name":"(anonymous_12)","decl":{"start":{"line":169,"column":1},"end":{"line":169,"column":9}},"loc":{"start":{"line":169,"column":1},"end":{"line":186,"column":2}}},"11":{"name":"(anonymous_13)","decl":{"start":{"line":171,"column":31},"end":{"line":171,"column":37}},"loc":{"start":{"line":171,"column":37},"end":{"line":173,"column":3}}},"12":{"name":"(anonymous_14)","decl":{"start":{"line":174,"column":28},"end":{"line":174,"column":34}},"loc":{"start":{"line":174,"column":34},"end":{"line":176,"column":3}}},"13":{"name":"(anonymous_15)","decl":{"start":{"line":187,"column":1},"end":{"line":187,"column":17}},"loc":{"start":{"line":187,"column":1},"end":{"line":193,"column":2}}},"14":{"name":"(anonymous_16)","decl":{"start":{"line":194,"column":1},"end":{"line":194,"column":10}},"loc":{"start":{"line":194,"column":25},"end":{"line":212,"column":2}}},"15":{"name":"(anonymous_17)","decl":{"start":{"line":213,"column":1},"end":{"line":213,"column":13}},"loc":{"start":{"line":213,"column":36},"end":{"line":216,"column":2}}},"16":{"name":"(anonymous_18)","decl":{"start":{"line":217,"column":1},"end":{"line":217,"column":13}},"loc":{"start":{"line":217,"column":28},"end":{"line":226,"column":2}}},"17":{"name":"(anonymous_19)","decl":{"start":{"line":219,"column":44},"end":{"line":219,"column":45}},"loc":{"start":{"line":219,"column":45},"end":{"line":219,"column":50}}},"18":{"name":"(anonymous_20)","decl":{"start":{"line":222,"column":47},"end":{"line":222,"column":48}},"loc":{"start":{"line":222,"column":48},"end":{"line":222,"column":53}}},"19":{"name":"(anonymous_21)","decl":{"start":{"line":228,"column":1},"end":{"line":228,"column":21}},"loc":{"start":{"line":228,"column":39},"end":{"line":249,"column":2}}},"20":{"name":"(anonymous_22)","decl":{"start":{"line":250,"column":1},"end":{"line":250,"column":12}},"loc":{"start":{"line":250,"column":1},"end":{"line":270,"column":2}}},"21":{"name":"(anonymous_23)","decl":{"start":{"line":273,"column":1},"end":{"line":273,"column":21}},"loc":{"start":{"line":273,"column":1},"end":{"line":283,"column":2}}},"22":{"name":"(anonymous_24)","decl":{"start":{"line":284,"column":1},"end":{"line":284,"column":23}},"loc":{"start":{"line":284,"column":1},"end":{"line":297,"column":2}}},"23":{"name":"(anonymous_25)","decl":{"start":{"line":298,"column":1},"end":{"line":298,"column":23}},"loc":{"start":{"line":298,"column":1},"end":{"line":308,"column":2}}},"24":{"name":"(anonymous_26)","decl":{"start":{"line":309,"column":1},"end":{"line":309,"column":24}},"loc":{"start":{"line":309,"column":1},"end":{"line":322,"column":2}}},"25":{"name":"(anonymous_27)","decl":{"start":{"line":323,"column":1},"end":{"line":323,"column":15}},"loc":{"start":{"line":323,"column":1},"end":{"line":341,"column":2}}},"26":{"name":"(anonymous_28)","decl":{"start":{"line":325,"column":3},"end":{"line":325,"column":4}},"loc":{"start":{"line":325,"column":4},"end":{"line":325,"column":9}}},"27":{"name":"(anonymous_29)","decl":{"start":{"line":333,"column":3},"end":{"line":333,"column":4}},"loc":{"start":{"line":333,"column":4},"end":{"line":333,"column":9}}},"28":{"name":"(anonymous_30)","decl":{"start":{"line":342,"column":1},"end":{"line":342,"column":14}},"loc":{"start":{"line":342,"column":29},"end":{"line":345,"column":2}}},"29":{"name":"(anonymous_31)","decl":{"start":{"line":346,"column":1},"end":{"line":346,"column":15}},"loc":{"start":{"line":346,"column":1},"end":{"line":351,"column":2}}},"30":{"name":"(anonymous_32)","decl":{"start":{"line":352,"column":1},"end":{"line":352,"column":12}},"loc":{"start":{"line":352,"column":1},"end":{"line":355,"column":2}}}},"branchMap":{"0":{"loc":{"start":{"line":9,"column":12},"end":{"line":9,"column":null}},"type":"binary-expr","locations":[{"start":{"line":9,"column":12},"end":{"line":9,"column":21}},{"start":{"line":9,"column":21},"end":{"line":9,"column":null}}]},"1":{"loc":{"start":{"line":137,"column":58},"end":{"line":137,"column":null}},"type":"if","locations":[{"start":{"line":137,"column":58},"end":{"line":137,"column":null}}]},"2":{"loc":{"start":{"line":146,"column":3},"end":{"line":149,"column":4}},"type":"if","locations":[{"start":{"line":146,"column":3},"end":{"line":149,"column":4}}]},"3":{"loc":{"start":{"line":153,"column":3},"end":{"line":156,"column":4}},"type":"if","locations":[{"start":{"line":153,"column":3},"end":{"line":156,"column":4}}]},"4":{"loc":{"start":{"line":115,"column":2},"end":{"line":132,"column":null}},"type":"if","locations":[{"start":{"line":115,"column":2},"end":{"line":132,"column":null}}]},"5":{"loc":{"start":{"line":115,"column":6},"end":{"line":131,"column":20}},"type":"binary-expr","locations":[{"start":{"line":115,"column":6},"end":{"line":115,"column":17}},{"start":{"line":116,"column":3},"end":{"line":116,"column":17}},{"start":{"line":117,"column":3},"end":{"line":117,"column":14}},{"start":{"line":118,"column":3},"end":{"line":118,"column":23}},{"start":{"line":119,"column":3},"end":{"line":119,"column":16}},{"start":{"line":120,"column":3},"end":{"line":120,"column":16}},{"start":{"line":121,"column":3},"end":{"line":121,"column":17}},{"start":{"line":122,"column":3},"end":{"line":122,"column":22}},{"start":{"line":123,"column":3},"end":{"line":123,"column":19}},{"start":{"line":124,"column":3},"end":{"line":124,"column":21}},{"start":{"line":125,"column":3},"end":{"line":125,"column":19}},{"start":{"line":126,"column":3},"end":{"line":126,"column":22}},{"start":{"line":127,"column":3},"end":{"line":127,"column":30}},{"start":{"line":128,"column":3},"end":{"line":128,"column":17}},{"start":{"line":129,"column":3},"end":{"line":129,"column":15}},{"start":{"line":130,"column":3},"end":{"line":130,"column":19}},{"start":{"line":131,"column":3},"end":{"line":131,"column":20}}]},"6":{"loc":{"start":{"line":133,"column":2},"end":{"line":133,"column":null}},"type":"if","locations":[{"start":{"line":133,"column":2},"end":{"line":133,"column":null}}]},"7":{"loc":{"start":{"line":179,"column":3},"end":{"line":181,"column":40}},"type":"cond-expr","locations":[{"start":{"line":180,"column":4},"end":{"line":180,"column":43}},{"start":{"line":181,"column":4},"end":{"line":181,"column":40}}]},"8":{"loc":{"start":{"line":183,"column":2},"end":{"line":185,"column":3}},"type":"if","locations":[{"start":{"line":183,"column":2},"end":{"line":185,"column":3}}]},"9":{"loc":{"start":{"line":189,"column":3},"end":{"line":189,"column":66}},"type":"cond-expr","locations":[{"start":{"line":189,"column":26},"end":{"line":189,"column":46}},{"start":{"line":189,"column":49},"end":{"line":189,"column":66}}]},"10":{"loc":{"start":{"line":191,"column":2},"end":{"line":191,"column":null}},"type":"if","locations":[{"start":{"line":191,"column":2},"end":{"line":191,"column":null}}]},"11":{"loc":{"start":{"line":196,"column":2},"end":{"line":211,"column":3}},"type":"if","locations":[{"start":{"line":196,"column":2},"end":{"line":211,"column":3}},{"start":{"line":204,"column":9},"end":{"line":211,"column":3}}]},"12":{"loc":{"start":{"line":196,"column":6},"end":{"line":196,"column":33}},"type":"binary-expr","locations":[{"start":{"line":196,"column":6},"end":{"line":196,"column":11}},{"start":{"line":196,"column":15},"end":{"line":196,"column":33}}]},"13":{"loc":{"start":{"line":214,"column":2},"end":{"line":215,"column":null}},"type":"if","locations":[{"start":{"line":214,"column":2},"end":{"line":215,"column":null}},{"start":{"line":215,"column":7},"end":{"line":215,"column":null}}]},"14":{"loc":{"start":{"line":220,"column":2},"end":{"line":220,"column":null}},"type":"if","locations":[{"start":{"line":220,"column":2},"end":{"line":220,"column":null}}]},"15":{"loc":{"start":{"line":224,"column":2},"end":{"line":224,"column":null}},"type":"if","locations":[{"start":{"line":224,"column":2},"end":{"line":224,"column":null}}]},"16":{"loc":{"start":{"line":252,"column":22},"end":{"line":252,"column":85}},"type":"cond-expr","locations":[{"start":{"line":252,"column":45},"end":{"line":252,"column":65}},{"start":{"line":252,"column":68},"end":{"line":252,"column":85}}]},"17":{"loc":{"start":{"line":253,"column":20},"end":{"line":253,"column":83}},"type":"cond-expr","locations":[{"start":{"line":253,"column":43},"end":{"line":253,"column":60}},{"start":{"line":253,"column":63},"end":{"line":253,"column":83}}]},"18":{"loc":{"start":{"line":269,"column":2},"end":{"line":269,"column":null}},"type":"if","locations":[{"start":{"line":269,"column":2},"end":{"line":269,"column":null}}]},"19":{"loc":{"start":{"line":274,"column":2},"end":{"line":276,"column":3}},"type":"if","locations":[{"start":{"line":274,"column":2},"end":{"line":276,"column":3}}]},"20":{"loc":{"start":{"line":285,"column":2},"end":{"line":287,"column":3}},"type":"if","locations":[{"start":{"line":285,"column":2},"end":{"line":287,"column":3}}]},"21":{"loc":{"start":{"line":299,"column":2},"end":{"line":301,"column":3}},"type":"if","locations":[{"start":{"line":299,"column":2},"end":{"line":301,"column":3}}]},"22":{"loc":{"start":{"line":310,"column":2},"end":{"line":312,"column":3}},"type":"if","locations":[{"start":{"line":310,"column":2},"end":{"line":312,"column":3}}]},"23":{"loc":{"start":{"line":327,"column":2},"end":{"line":331,"column":3}},"type":"if","locations":[{"start":{"line":327,"column":2},"end":{"line":331,"column":3}}]},"24":{"loc":{"start":{"line":335,"column":2},"end":{"line":339,"column":3}},"type":"if","locations":[{"start":{"line":335,"column":2},"end":{"line":339,"column":3}}]},"25":{"loc":{"start":{"line":347,"column":2},"end":{"line":349,"column":3}},"type":"if","locations":[{"start":{"line":347,"column":2},"end":{"line":349,"column":3}}]}},"s":{"0":1,"1":1,"2":1,"3":1,"4":1,"5":1,"6":1,"7":1,"8":1,"9":1,"10":2,"11":1,"12":1,"13":1,"14":1,"15":1,"16":1,"17":1,"18":1,"19":1,"20":1,"21":1,"22":1,"23":1,"24":0,"25":0,"26":0,"27":1,"28":1,"29":1,"30":0,"31":1,"32":1,"33":1,"34":2,"35":0,"36":2,"37":0,"38":2,"39":1,"40":1,"41":1,"42":1,"43":1,"44":0,"45":1,"46":1,"47":1,"48":1,"49":1,"50":0,"51":0,"52":0,"53":0,"54":1,"55":0,"56":0,"57":0,"58":0,"59":0,"60":0,"61":0,"62":0,"63":0,"64":1,"65":0,"66":0,"67":0,"68":1,"69":0,"70":0,"71":0,"72":0,"73":0,"74":0,"75":0,"76":0,"77":0,"78":0,"79":0,"80":0,"81":1,"82":1,"83":1,"84":1,"85":1,"86":1,"87":1,"88":1,"89":1,"90":1,"91":1,"92":1,"93":1,"94":1,"95":1,"96":1,"97":1,"98":1,"99":1,"100":1,"101":0,"102":0,"103":0,"104":0,"105":0,"106":1,"107":0,"108":0,"109":0,"110":0,"111":0,"112":1,"113":0,"114":0,"115":0,"116":0,"117":0,"118":1,"119":0,"120":0,"121":0,"122":0,"123":0,"124":1,"125":0,"126":0,"127":0,"128":0,"129":0,"130":0,"131":0,"132":0,"133":0,"134":0,"135":0,"136":0,"137":0,"138":1,"139":0,"140":0,"141":1,"142":0,"143":0,"144":0,"145":1,"146":0,"147":0,"148":1,"149":1},"f":{"0":1,"1":1,"2":1,"3":1,"4":1,"5":1,"6":0,"7":1,"8":0,"9":2,"10":1,"11":1,"12":0,"13":0,"14":0,"15":0,"16":0,"17":0,"18":0,"19":1,"20":1,"21":0,"22":0,"23":0,"24":0,"25":0,"26":0,"27":0,"28":0,"29":0,"30":0},"b":{"0":[1,1],"1":[1],"2":[1],"3":[0],"4":[0],"5":[2,2,2,2,2,2,2,2,2,2,2,2,2,2,2,2,2],"6":[0],"7":[1,0],"8":[1],"9":[0,0],"10":[0],"11":[0,0],"12":[0,0],"13":[0,0],"14":[0],"15":[0],"16":[0,1],"17":[0,1],"18":[1],"19":[0],"20":[0],"21":[0],"22":[0],"23":[0],"24":[0],"25":[0]}}
,"/home/carter/pd/projects/tyler/ts-project/test/workspaceMock.ts": {"path":"/home/carter/pd/projects/tyler/ts-project/test/workspaceMock.ts","statementMap":{"0":{"start":{"line":5,"column":0},"end":{"line":5,"column":16}},"1":{"start":{"line":1,"column":0},"end":{"line":1,"column":13}},"2":{"start":{"line":2,"column":2},"end":{"line":2,"column":27}},"3":{"start":{"line":3,"column":0},"end":{"line":3,"column":null}},"4":{"start":{"line":1,"column":13},"end":{"line":1,"column":26}},"5":{"start":{"line":6,"column":2},"end":{"line":28,"column":11}}},"fnMap":{"0":{"name":"(anonymous_0)","decl":{"start":{"line":1,"column":0},"end":{"line":1,"column":13}},"loc":{"start":{"line":1,"column":0},"end":{"line":3,"column":null}}},"1":{"name":"createWindow","decl":{"start":{"line":5,"column":16},"end":{"line":5,"column":28}},"loc":{"start":{"line":5,"column":28},"end":{"line":29,"column":1}}}},"branchMap":{},"s":{"0":1,"1":1,"2":1,"3":1,"4":1,"5":1},"f":{"0":2,"1":1},"b":{}}
}
