TN:
SF:src/generalTilerFunctions.ts
FN:7,euDist
FN:17,findUp
FN:22,(anonymous_2)
FN:29,(anonymous_3)
FN:31,(anonymous_4)
FN:39,findDown
FN:44,(anonymous_6)
FN:51,(anonymous_7)
FN:53,(anonymous_8)
FN:58,findLeft
FN:63,(anonymous_10)
FN:70,(anonymous_11)
FN:72,(anonymous_12)
FN:77,findRight
FN:82,(anonymous_14)
FN:89,(anonymous_15)
FN:91,(anonymous_16)
FNF:17
FNH:1
FNDA:1,euDist
FNDA:0,findUp
FNDA:0,(anonymous_2)
FNDA:0,(anonymous_3)
FNDA:0,(anonymous_4)
FNDA:0,findDown
FNDA:0,(anonymous_6)
FNDA:0,(anonymous_7)
FNDA:0,(anonymous_8)
FNDA:0,findLeft
FNDA:0,(anonymous_10)
FNDA:0,(anonymous_11)
FNDA:0,(anonymous_12)
FNDA:0,findRight
FNDA:0,(anonymous_14)
FNDA:0,(anonymous_15)
FNDA:0,(anonymous_16)
DA:7,1
DA:8,1
DA:17,1
DA:18,0
DA:19,0
DA:21,0
DA:22,0
DA:28,0
DA:29,0
DA:30,0
DA:31,0
DA:32,0
DA:34,0
DA:39,1
DA:40,0
DA:41,0
DA:43,0
DA:44,0
DA:50,0
DA:51,0
DA:52,0
DA:53,0
DA:54,0
DA:56,0
DA:58,1
DA:59,0
DA:60,0
DA:62,0
DA:63,0
DA:69,0
DA:70,0
DA:71,0
DA:72,0
DA:73,0
DA:75,0
DA:77,1
DA:78,0
DA:79,0
DA:81,0
DA:82,0
DA:88,0
DA:89,0
DA:90,0
DA:91,0
DA:92,0
DA:94,0
LF:46
LH:6
BRDA:18,0,0,0
BRDA:18,1,0,0
BRDA:18,1,1,0
BRDA:30,2,0,0
BRDA:40,3,0,0
BRDA:40,4,0,0
BRDA:40,4,1,0
BRDA:52,5,0,0
BRDA:59,6,0,0
BRDA:59,7,0,0
BRDA:59,7,1,0
BRDA:71,8,0,0
BRDA:78,9,0,0
BRDA:78,10,0,0
BRDA:78,10,1,0
BRDA:90,11,0,0
BRF:16
BRH:0
end_of_record
TN:
SF:src/tilerTypes.ts
FN:9,(anonymous_2)
FN:103,(anonymous_3)
FN:137,TilerContext
FN:142,(anonymous_5)
FN:143,(anonymous_6)
FN:145,(anonymous_7)
FN:152,(anonymous_8)
FN:158,(anonymous_9)
FN:162,(anonymous_10)
FN:113,(anonymous_11)
FN:169,(anonymous_12)
FN:171,(anonymous_13)
FN:174,(anonymous_14)
FN:187,(anonymous_15)
FN:194,(anonymous_16)
FN:213,(anonymous_17)
FN:217,(anonymous_18)
FN:219,(anonymous_19)
FN:222,(anonymous_20)
FN:228,(anonymous_21)
FN:250,(anonymous_22)
FN:273,(anonymous_23)
FN:284,(anonymous_24)
FN:298,(anonymous_25)
FN:309,(anonymous_26)
FN:323,(anonymous_27)
FN:325,(anonymous_28)
FN:333,(anonymous_29)
FN:342,(anonymous_30)
FN:346,(anonymous_31)
FN:352,(anonymous_32)
FNF:31
FNH:12
FNDA:1,(anonymous_2)
FNDA:1,(anonymous_3)
FNDA:1,TilerContext
FNDA:1,(anonymous_5)
FNDA:1,(anonymous_6)
FNDA:1,(anonymous_7)
FNDA:0,(anonymous_8)
FNDA:1,(anonymous_9)
FNDA:0,(anonymous_10)
FNDA:2,(anonymous_11)
FNDA:1,(anonymous_12)
FNDA:1,(anonymous_13)
FNDA:0,(anonymous_14)
FNDA:0,(anonymous_15)
FNDA:0,(anonymous_16)
FNDA:0,(anonymous_17)
FNDA:0,(anonymous_18)
FNDA:0,(anonymous_19)
FNDA:0,(anonymous_20)
FNDA:1,(anonymous_21)
FNDA:1,(anonymous_22)
FNDA:0,(anonymous_23)
FNDA:0,(anonymous_24)
FNDA:0,(anonymous_25)
FNDA:0,(anonymous_26)
FNDA:0,(anonymous_27)
FNDA:0,(anonymous_28)
FNDA:0,(anonymous_29)
FNDA:0,(anonymous_30)
FNDA:0,(anonymous_31)
FNDA:0,(anonymous_32)
DA:9,1
DA:10,1
DA:15,1
DA:22,1
DA:29,1
DA:36,1
DA:103,1
DA:113,1
DA:115,2
DA:132,0
DA:133,2
DA:134,2
DA:137,2
DA:138,1
DA:139,1
DA:140,1
DA:141,1
DA:142,1
DA:143,1
DA:145,1
DA:146,1
DA:148,1
DA:152,1
DA:153,0
DA:154,0
DA:155,0
DA:158,1
DA:162,1
DA:166,1
DA:167,1
DA:169,1
DA:170,1
DA:171,1
DA:172,1
DA:174,1
DA:175,0
DA:177,1
DA:179,1
DA:183,1
DA:184,1
DA:187,1
DA:189,0
DA:191,0
DA:192,0
DA:194,1
DA:195,0
DA:196,0
DA:197,0
DA:201,0
DA:202,0
DA:203,0
DA:205,0
DA:209,0
DA:210,0
DA:213,1
DA:214,0
DA:215,0
DA:217,1
DA:218,0
DA:219,0
DA:220,0
DA:221,0
DA:222,0
DA:223,0
DA:224,0
DA:225,0
DA:228,1
DA:229,1
DA:233,1
DA:244,1
DA:245,1
DA:250,1
DA:251,1
DA:252,1
DA:253,1
DA:255,1
DA:258,1
DA:261,1
DA:262,1
DA:265,1
DA:266,1
DA:267,1
DA:268,1
DA:269,1
DA:273,1
DA:274,0
DA:275,0
DA:277,0
DA:278,0
DA:279,0
DA:284,1
DA:285,0
DA:286,0
DA:288,0
DA:289,0
DA:293,0
DA:298,1
DA:299,0
DA:300,0
DA:302,0
DA:303,0
DA:304,0
DA:309,1
DA:310,0
DA:311,0
DA:313,0
DA:314,0
DA:318,0
DA:323,1
DA:324,0
DA:325,0
DA:327,0
DA:328,0
DA:329,0
DA:330,0
DA:332,0
DA:333,0
DA:335,0
DA:336,0
DA:337,0
DA:338,0
DA:340,0
DA:342,1
DA:343,0
DA:344,0
DA:346,1
DA:347,0
DA:348,0
DA:350,0
DA:352,1
DA:353,0
DA:354,0
DA:356,1
LF:133
LH:66
BRDA:9,0,0,1
BRDA:9,0,1,1
BRDA:137,1,0,1
BRDA:146,2,0,1
BRDA:153,3,0,0
BRDA:115,4,0,0
BRDA:115,5,0,2
BRDA:115,5,1,2
BRDA:115,5,2,2
BRDA:115,5,3,2
BRDA:115,5,4,2
BRDA:115,5,5,2
BRDA:115,5,6,2
BRDA:115,5,7,2
BRDA:115,5,8,2
BRDA:115,5,9,2
BRDA:115,5,10,2
BRDA:115,5,11,2
BRDA:115,5,12,2
BRDA:115,5,13,2
BRDA:115,5,14,2
BRDA:115,5,15,2
BRDA:115,5,16,2
BRDA:133,6,0,0
BRDA:179,7,0,1
BRDA:179,7,1,0
BRDA:183,8,0,1
BRDA:189,9,0,0
BRDA:189,9,1,0
BRDA:191,10,0,0
BRDA:196,11,0,0
BRDA:196,11,1,0
BRDA:196,12,0,0
BRDA:196,12,1,0
BRDA:214,13,0,0
BRDA:214,13,1,0
BRDA:220,14,0,0
BRDA:224,15,0,0
BRDA:252,16,0,0
BRDA:252,16,1,1
BRDA:253,17,0,0
BRDA:253,17,1,1
BRDA:269,18,0,1
BRDA:274,19,0,0
BRDA:285,20,0,0
BRDA:299,21,0,0
BRDA:310,22,0,0
BRDA:327,23,0,0
BRDA:335,24,0,0
BRDA:347,25,0,0
BRF:50
BRH:26
end_of_record
TN:
SF:test/workspaceMock.ts
FN:1,(anonymous_0)
FN:5,createWindow
FNF:2
FNH:2
FNDA:2,(anonymous_0)
FNDA:1,createWindow
DA:1,1
DA:2,1
DA:3,1
DA:5,1
DA:6,1
LF:5
LH:5
BRF:0
BRH:0
end_of_record
